  stdafx.cpp
  Server.cpp
  S_Verbindung.cpp
c:\daten\fh-kiel\hpr_bk110\hpr_bk110\game\server\server\s_verbindung.cpp(65): warning C4996: '_itoa': This function or variable may be unsafe. Consider using _itoa_s instead. To disable deprecation, use _CRT_SECURE_NO_WARNINGS. See online help for details.
  c:\program files (x86)\windows kits\10\include\10.0.10240.0\ucrt\stdlib.h(637): note: Siehe Deklaration von "_itoa"
c:\daten\fh-kiel\hpr_bk110\hpr_bk110\game\server\server\s_verbindung.cpp(80): warning C4996: '_itoa': This function or variable may be unsafe. Consider using _itoa_s instead. To disable deprecation, use _CRT_SECURE_NO_WARNINGS. See online help for details.
  c:\program files (x86)\windows kits\10\include\10.0.10240.0\ucrt\stdlib.h(637): note: Siehe Deklaration von "_itoa"
c:\daten\fh-kiel\hpr_bk110\hpr_bk110\game\server\server\s_verbindung.cpp(35): warning C4101: "msg": Unreferenzierte lokale Variable
c:\daten\fh-kiel\hpr_bk110\hpr_bk110\game\server\server\s_verbindung.cpp(185): warning C4996: 'inet_ntoa': Use inet_ntop() or InetNtop() instead or define _WINSOCK_DEPRECATED_NO_WARNINGS to disable deprecated API warnings
  c:\program files (x86)\windows kits\8.1\include\um\winsock2.h(1868): note: Siehe Deklaration von "inet_ntoa"
c:\daten\fh-kiel\hpr_bk110\hpr_bk110\game\server\server\s_verbindung.cpp(186): warning C4996: 'sprintf': This function or variable may be unsafe. Consider using sprintf_s instead. To disable deprecation, use _CRT_SECURE_NO_WARNINGS. See online help for details.
  c:\program files (x86)\windows kits\10\include\10.0.10240.0\ucrt\stdio.h(1769): note: Siehe Deklaration von "sprintf"
c:\daten\fh-kiel\hpr_bk110\hpr_bk110\game\server\server\s_verbindung.cpp(217): warning C4996: 'sprintf': This function or variable may be unsafe. Consider using sprintf_s instead. To disable deprecation, use _CRT_SECURE_NO_WARNINGS. See online help for details.
  c:\program files (x86)\windows kits\10\include\10.0.10240.0\ucrt\stdio.h(1769): note: Siehe Deklaration von "sprintf"
c:\daten\fh-kiel\hpr_bk110\hpr_bk110\game\server\server\s_verbindung.cpp(222): warning C4996: 'sprintf': This function or variable may be unsafe. Consider using sprintf_s instead. To disable deprecation, use _CRT_SECURE_NO_WARNINGS. See online help for details.
  c:\program files (x86)\windows kits\10\include\10.0.10240.0\ucrt\stdio.h(1769): note: Siehe Deklaration von "sprintf"
  S_Spiel.cpp
c:\daten\fh-kiel\hpr_bk110\hpr_bk110\game\server\server\s_spiel.cpp(66): warning C4244: "Initialisierung": Konvertierung von "double" in "int", möglicher Datenverlust
  S_Messung.cpp
  Code wird generiert...
  LINK : C:\Daten\FH-Kiel\HPR_BK110\HPR_BK110\Game\Server\Debug\Server.exe wurde nicht gefunden oder beim letzten inkrementellen Linkvorgang nicht erstellt; vollständiger Link wird durchgeführt.
  Server.vcxproj -> C:\Daten\FH-Kiel\HPR_BK110\HPR_BK110\Game\Server\Debug\Server.exe
  Server.vcxproj -> C:\Daten\FH-Kiel\HPR_BK110\HPR_BK110\Game\Server\Debug\Server.pdb (Full PDB)
